2025-02-24 11:18:56 - Linha 5 - Nº 53 - EMPRESA: C A M TEIXEIRA DOCES LTDA - ME - Erro no envio
2025-02-24 11:29:47 - Linha 9 - Nº 159 - EMPRESA: STILUS LOCACAO DE EQUIPAMENTOS - Erro no envio
2025-02-24 11:33:59 - Linha 10 - Nº 186 - EMPRESA: STREET TOUR TRANSPORTE E LOCACAO LTDA - ME - Erro no envio
2025-02-24 11:43:29 - Linha 11 - Nº 248 - EMPRESA: SKYCITIZEN MONITORAMENTO VEICULAR E COMÉRCIO LTDA - Erro no envio
2025-02-24 11:51:17 - Linha 12 - Nº 321 - EMPRESA: L H RODRIGUES E LOPES MARCENARIA LTDA - ME - Erro no envio
2025-02-24 11:58:47 - Linha 14 - Nº 359 - EMPRESA: NELCON MATERIAL DE CONSTRUCAO LTDA - ME - Erro no envio
2025-02-24 13:30:04 - Linha 14 - Nº 359 - EMPRESA: NELCON MATERIAL DE CONSTRUCAO LTDA - ME - Erro no envio
2025-02-24 13:42:46 - Linha 21 - Nº 638 - EMPRESA: RADIO SUL FLUMINENSE LTDA - Erro no envio
2025-02-24 14:03:16 - Linha 28 - Nº 840 - EMPRESA: B J DE PAIVA RESTAURANTES E SIMILARES LTDA - Erro: invalid command name ".!ctkframe.!ctkframe2.!ctktextbox.!text"
2025-02-24 14:03:16 - Erro crítico: invalid command name ".!ctkframe.!ctkframe2.!ctktextbox.!text"
2025-02-24 14:19:43 - Linha 36 - Nº 993 - EMPRESA: MARCIO COSTA PHILOMENO - Erro no envio
2025-02-24 14:25:15 - Linha 36 - Nº 993 - EMPRESA: MARCIO COSTA PHILOMENO - Erro no envio
2025-02-24 14:25:54 - Linha 36 - Nº 993 - EMPRESA: MARCIO COSTA PHILOMENO - Erro no envio
2025-02-24 14:27:10 - Linha 36 - Nº 993 - EMPRESA: MARCIO COSTA PHILOMENO - Erro no envio
2025-02-24 14:29:30 - Linha 37 - Nº 994 - EMPRESA: JAIRO LIMA DE SOUZA - Erro no envio
2025-02-24 14:30:08 - Linha 38 - Nº 995 - EMPRESA: JOSÉ EDUARDO VALE - Erro no envio
2025-02-24 14:30:44 - Linha 37 - Nº 994 - EMPRESA: JAIRO LIMA DE SOUZA - Erro no envio
2025-02-24 14:54:10 - Linha 37 - Nº 994 - EMPRESA: JAIRO LIMA DE SOUZA - Erro no envio
2025-02-24 14:56:05 - Linha 37 - Nº 994 - EMPRESA: JAIRO LIMA DE SOUZA - Erro no envio
2025-02-24 14:59:58 - Linha 39 - Nº 1000 - EMPRESA: HERIKA LOPES RODRIGUES - Erro no envio
2025-02-24 15:05:24 - Erro crítico: cannot access local variable 'log_msg' where it is not associated with a value
