2025-03-21 07:41:38 - Linha 5 - Nº 53 - EMPRESA: C A M TEIXEIRA DOCES LTDA - ME - Enviado com sucesso
2025-03-21 08:50:46 - Linha 7 - Nº 143 - EMPRESA: SEG RAD SEGURANCA DO TRABALHO E PROTEÇÃO RADIOLOGICA LTDA ME - Enviado com sucesso
2025-03-21 08:53:04 - Linha 8 - Nº 149 - EMPRESA: A F DUTRA INSTITUTO EDUCACIONAL LTDA ME - Enviado com sucesso
2025-03-21 08:55:13 - Linha 9 - Nº 159 - EMPRESA: STILUS LOCACAO DE EQUIPAMENTOS - Enviado com sucesso
2025-03-21 08:57:23 - Linha 10 - Nº 186 - EMPRESA: STREET TOUR TRANSPORTE E LOCACAO LTDA - ME - Enviado com sucesso
2025-03-21 10:28:53 - Linha 11 - Nº 248 - EMPRESA: SKYCITIZEN MONITORAMENTO VEICULAR E COMÉRCIO LTDA - Enviado com sucesso
2025-03-21 10:57:18 - Linha 12 - Nº 321 - EMPRESA: L H RODRIGUES E LOPES MARCENARIA LTDA - ME - Enviado com sucesso
2025-03-21 11:24:13 - Linha 13 - Nº 356 - EMPRESA: MARIA DE LOURDES SOARES FELIPPE - ME - Enviado com sucesso
2025-03-21 11:26:27 - Linha 14 - Nº 359 - EMPRESA: NELCON MATERIAL DE CONSTRUCAO LTDA - ME - Enviado com sucesso
2025-03-21 11:28:43 - Linha 15 - Nº 361 - EMPRESA: MUNDO DOS COSMETICOS DE VOLTA REDONDA LTDA - ME - Enviado com sucesso
2025-03-21 11:31:00 - Linha 16 - Nº 409 - EMPRESA: DSREIS COMERCIO LTDA - ME - Enviado com sucesso
2025-03-21 11:33:29 - Linha 17 - Nº 458 - EMPRESA: PODEROSA MODA INTIMA COMERCIO DE ROUPAS LTDA - ME - Enviado com sucesso
2025-03-21 13:09:49 - Linha 18 - Nº 517 - EMPRESA: LOCARJET LOCACOES LTDA - Enviado com sucesso
2025-03-21 13:11:51 - Linha 19 - Nº 540 - EMPRESA: RESTAURANTE PRINCIPAL AP EIRELI - Enviado com sucesso
2025-03-21 13:13:57 - Linha 20 - Nº 541 - EMPRESA: MARCOS P V NEVES - Enviado com sucesso
2025-03-21 13:16:03 - Linha 21 - Nº 667 - EMPRESA: MARIA MOTA BOLOS LTDA - Enviado com sucesso
2025-03-21 13:18:06 - Linha 22 - Nº 695 - EMPRESA: MACHADO E SILVA SORVETERIA DE VR LTDA - Enviado com sucesso
2025-03-21 13:20:10 - Linha 23 - Nº 802 - EMPRESA: ESTACAO DO SABOR BUFFET LTDA - Enviado com sucesso
2025-03-21 13:22:11 - Linha 24 - Nº 814 - EMPRESA: LIGA DA JUSPIZZA LTDA - Enviado com sucesso
2025-03-21 13:35:15 - Linha 25 - Nº 815 - EMPRESA: LT SANTOS ESFIHARIA LTDA - Enviado com sucesso
2025-03-21 13:37:30 - Linha 26 - Nº 839 - EMPRESA: B J DE PAIVA RESTAURANTES E SIMILARES LTDA - Enviado com sucesso
2025-03-21 13:42:34 - Linha 27 - Nº 840 - EMPRESA: B J DE PAIVA RESTAURANTES E SIMILARES LTDA - Enviado com sucesso
2025-03-21 13:44:50 - Linha 28 - Nº 867 - EMPRESA: ACOUGUE ROMUALDO LTDA - Enviado com sucesso
2025-03-21 13:46:54 - Linha 29 - Nº 868 - EMPRESA: HIPO MERCADO ROMUALDO LTDA M E - Enviado com sucesso
2025-03-21 14:12:57 - Linha 30 - Nº 903 - EMPRESA: KELSIRLAINE STUTZ ROCHA - Enviado com sucesso
2025-03-21 14:15:11 - Linha 31 - Nº 915 - EMPRESA: JANICE INES POSSIDENTE ROCHA - Enviado com sucesso
2025-03-21 14:19:13 - Linha 33 - Nº 982 - EMPRESA: MARIA APARECIDA BARBOSA ALVES - Enviado com sucesso
2025-03-21 14:21:23 - Linha 34 - Nº 988 - EMPRESA: RODRIGO KERSTEN LOPES - Enviado com sucesso
2025-03-21 14:43:52 - Linha 35 - Nº 993 - EMPRESA: MARCIO COSTA PHILOMENO - Enviado com sucesso
2025-03-21 14:53:23 - Linha 37 - Nº 995 - EMPRESA: JOSÉ EDUARDO VALE - Enviado com sucesso
2025-03-21 14:55:36 - Linha 38 - Nº 1004 - EMPRESA: MARIA LUCIULA SILVA DO CARMO - Enviado com sucesso
2025-03-21 15:19:31 - Linha 39 - Nº 1005 - EMPRESA: MONIKY CARNEIRO DA SILVA - Enviado com sucesso
2025-03-21 15:21:40 - Linha 40 - Nº 1008 - EMPRESA: EDUARDO AMERICO G. TONIOLO - Enviado com sucesso
