2025-02-24 11:10:35 - Linha 3 - Nº 39 - EMPRESA: GIOVANI PEREIRA DOS SANTOS - ME - Enviado com sucesso
2025-02-24 11:18:30 - Linha 4 - Nº 41 - EMPRESA: A. ALVES MEDEIROS SERVICOS EM GERAL LTDA - ME - Enviado com sucesso
2025-02-24 11:24:44 - Linha 5 - Nº 53 - EMPRESA: C A M TEIXEIRA DOCES LTDA - ME - Enviado com sucesso
2025-02-24 11:26:17 - Linha 6 - Nº 97 - EMPRESA: ALVES E ALVES MUNDO DOS ESPORTES VR EIRELI - Enviado com sucesso
2025-02-24 11:27:48 - Linha 7 - Nº 143 - EMPRESA: SEG RAD SEGURANCA DO TRABALHO E PROTEÇÃO RADIOLOGICA LTDA ME - Enviado com sucesso
2025-02-24 11:29:21 - Linha 8 - Nº 149 - EMPRESA: A F DUTRA INSTITUTO EDUCACIONAL LTDA ME - Enviado com sucesso
2025-02-24 11:33:34 - Linha 9 - Nº 159 - EMPRESA: STILUS LOCACAO DE EQUIPAMENTOS - Enviado com sucesso
2025-02-24 11:43:06 - Linha 10 - Nº 186 - EMPRESA: STREET TOUR TRANSPORTE E LOCACAO LTDA - ME - Enviado com sucesso
2025-02-24 11:51:09 - Linha 11 - Nº 248 - EMPRESA: SKYCITIZEN MONITORAMENTO VEICULAR E COMÉRCIO LTDA - Enviado com sucesso
2025-02-24 11:56:41 - Linha 12 - Nº 321 - EMPRESA: L H RODRIGUES E LOPES MARCENARIA LTDA - ME - Enviado com sucesso
2025-02-24 11:58:24 - Linha 13 - Nº 356 - EMPRESA: MARIA DE LOURDES SOARES FELIPPE - ME - Enviado com sucesso
2025-02-24 13:31:53 - Linha 14 - Nº 359 - EMPRESA: NELCON MATERIAL DE CONSTRUCAO LTDA - ME - Enviado com sucesso
2025-02-24 13:33:32 - Linha 15 - Nº 361 - EMPRESA: MUNDO DOS COSMETICOS DE VOLTA REDONDA LTDA - ME - Enviado com sucesso
2025-02-24 13:35:06 - Linha 16 - Nº 409 - EMPRESA: DSREIS COMERCIO LTDA - ME - Enviado com sucesso
2025-02-24 13:36:53 - Linha 17 - Nº 458 - EMPRESA: PODEROSA MODA INTIMA COMERCIO DE ROUPAS LTDA - ME - Enviado com sucesso
2025-02-24 13:38:35 - Linha 18 - Nº 517 - EMPRESA: LOCARJET LOCACOES LTDA - Enviado com sucesso
2025-02-24 13:40:15 - Linha 19 - Nº 540 - EMPRESA: RESTAURANTE PRINCIPAL AP EIRELI - Enviado com sucesso
2025-02-24 13:41:54 - Linha 20 - Nº 541 - EMPRESA: MARCOS P V NEVES - Enviado com sucesso
2025-02-24 13:52:31 - Linha 22 - Nº 667 - EMPRESA: MARIA MOTA BOLOS LTDA - Enviado com sucesso
2025-02-24 13:54:12 - Linha 23 - Nº 695 - EMPRESA: MACHADO E SILVA SORVETERIA DE VR LTDA - Enviado com sucesso
2025-02-24 13:55:51 - Linha 24 - Nº 802 - EMPRESA: ESTACAO DO SABOR BUFFET LTDA - Enviado com sucesso
2025-02-24 13:57:33 - Linha 25 - Nº 814 - EMPRESA: LIGA DA JUSPIZZA LTDA - Enviado com sucesso
2025-02-24 13:59:22 - Linha 26 - Nº 815 - EMPRESA: LT SANTOS ESFIHARIA LTDA - Enviado com sucesso
2025-02-24 14:01:02 - Linha 27 - Nº 839 - EMPRESA: B J DE PAIVA RESTAURANTES E SIMILARES LTDA - Enviado com sucesso
2025-02-24 14:02:53 - Linha 28 - Nº 840 - EMPRESA: B J DE PAIVA RESTAURANTES E SIMILARES LTDA - Enviado com sucesso
2025-02-24 14:08:38 - Linha 29 - Nº 867 - EMPRESA: ACOUGUE ROMUALDO LTDA - Enviado com sucesso
2025-02-24 14:10:19 - Linha 30 - Nº 868 - EMPRESA: HIPO MERCADO ROMUALDO LTDA M E - Enviado com sucesso
2025-02-24 14:12:00 - Linha 31 - Nº 903 - EMPRESA: KELSIRLAINE STUTZ ROCHA - Enviado com sucesso
2025-02-24 14:13:31 - Linha 32 - Nº 915 - EMPRESA: JANICE INES POSSIDENTE ROCHA - Enviado com sucesso
2025-02-24 14:15:09 - Linha 33 - Nº 932 - EMPRESA: REJANE PAIVA LEMOS GALVÃO DE FRANCA - Enviado com sucesso
2025-02-24 14:16:49 - Linha 34 - Nº 982 - EMPRESA: MARIA APARECIDA BARBOSA ALVES - Enviado com sucesso
2025-02-24 14:18:28 - Linha 35 - Nº 988 - EMPRESA: RODRIGO KERSTEN LOPES - Enviado com sucesso
2025-02-24 14:29:02 - Linha 36 - Nº 993 - EMPRESA: MARCIO COSTA PHILOMENO - Enviado com sucesso
2025-02-24 14:58:20 - Linha 38 - Nº 995 - EMPRESA: JOSÉ EDUARDO VALE - Enviado com sucesso
2025-02-24 15:07:19 - Linha 40 - Nº 1004 - EMPRESA: MARIA LUCIULA SILVA DO CARMO - Enviado com sucesso
2025-02-24 15:09:14 - Linha 41 - Nº 1005 - EMPRESA: MONIKY CARNEIRO DA SILVA - Enviado com sucesso
2025-02-24 15:10:59 - Linha 42 - Nº 1008 - EMPRESA: EDUARDO AMERICO G. TONIOLO - Enviado com sucesso
